<?xml version="1.0" encoding="UTF-8"?>
<!-- Generated by org.testng.reporters.JUnitXMLReporter -->
<testsuite ignored="0" hostname="DESKTOP-3JG0K1M" failures="0" tests="4" name="Default test" time="14.074" errors="0" timestamp="2023-01-25T11:05:05 GMT">
  <testcase classname="swagLab.TestRunner" name="checkLockeduser" time="0.339"/>
  <testcase classname="swagLab.TestRunner" name="checkPerformanceGlitchUser" time="6.072"/>
  <testcase classname="swagLab.TestRunner" name="checkProblemUser" time="0.352"/>
  <testcase classname="swagLab.TestRunner" name="checkoutAnItem" time="1.214"/>
</testsuite> <!-- Default test -->
