<?xml version="1.0" encoding="UTF-8"?>
<!-- Generated by org.testng.reporters.JUnitXMLReporter -->
<testsuite hostname="S006901" failures="0" tests="4" name="swagLab" time="17.551" errors="0" timestamp="24 Jan 2023 21:16:27 GMT">
  <testcase classname="swagLab.TestRunner" name="checkLockeduser" time="0.223"/>
  <testcase classname="swagLab.TestRunner" name="checkPerformanceGlitchUser" time="5.609"/>
  <testcase classname="swagLab.TestRunner" name="checkProblemUser" time="0.164"/>
  <testcase classname="swagLab.TestRunner" name="checkoutAnItem" time="0.587"/>
</testsuite> <!-- swagLab -->
