<?xml version="1.0" encoding="UTF-8"?>
<testng-results ignored="0" total="4" passed="4" failed="0" skipped="0">
  <reporter-output>
    <line>
      <![CDATA[Launched the Application URL]]>
    </line>
    <line>
      <![CDATA[Trying to login as Locked User]]>
    </line>
    <line>
      <![CDATA[Exiting browser]]>
    </line>
    <line>
      <![CDATA[Launched the Application URL]]>
    </line>
    <line>
      <![CDATA[Logged in as Performance Glitch User]]>
    </line>
    <line>
      <![CDATA[Added two items to cart]]>
    </line>
    <line>
      <![CDATA[Clicked on Cart button]]>
    </line>
    <line>
      <![CDATA[Clicked on Checkout button]]>
    </line>
    <line>
      <![CDATA[Entered user information ]]>
    </line>
    <line>
      <![CDATA[Clicked on Continue button on checkout page]]>
    </line>
    <line>
      <![CDATA[Verified Items Total price without tax]]>
    </line>
    <line>
      <![CDATA[Verified total price including tax]]>
    </line>
    <line>
      <![CDATA[Exiting browser]]>
    </line>
    <line>
      <![CDATA[Launched the Application URL]]>
    </line>
    <line>
      <![CDATA[Logged in as Problem User]]>
    </line>
    <line>
      <![CDATA[Same images are displayes for more than one product]]>
    </line>
    <line>
      <![CDATA[Exiting browser]]>
    </line>
    <line>
      <![CDATA[Launched the Application URL]]>
    </line>
    <line>
      <![CDATA[Logged in as Standard User]]>
    </line>
    <line>
      <![CDATA[Added two items to cart]]>
    </line>
    <line>
      <![CDATA[Clicked on Cart button]]>
    </line>
    <line>
      <![CDATA[Clicked on Checkout button]]>
    </line>
    <line>
      <![CDATA[Entered user information ]]>
    </line>
    <line>
      <![CDATA[Clicked on Continue button on checkout page]]>
    </line>
    <line>
      <![CDATA[Verified Items Total price without tax]]>
    </line>
    <line>
      <![CDATA[Verified total price including tax]]>
    </line>
    <line>
      <![CDATA[Exiting browser]]>
    </line>
  </reporter-output>
  <suite started-at="2023-01-25T11:04:51 GMT" name="Default suite" finished-at="2023-01-25T11:05:05 GMT" duration-ms="14074">
    <groups>
    </groups>
    <test started-at="2023-01-25T11:04:51 GMT" name="Default test" finished-at="2023-01-25T11:05:05 GMT" duration-ms="14074">
      <class name="swagLab.TestRunner">
        <test-method is-config="true" signature="launchApplication()[pri:0, instance:swagLab.TestRunner@649bec2e]" started-at="2023-01-25T11:04:51 GMT" name="launchApplication" finished-at="2023-01-25T11:04:53 GMT" duration-ms="1723" status="PASS">
          <reporter-output>
            <line>
              <![CDATA[Launched the Application URL]]>
            </line>
          </reporter-output>
        </test-method> <!-- launchApplication -->
        <test-method signature="checkLockeduser()[pri:0, instance:swagLab.TestRunner@649bec2e]" started-at="2023-01-25T11:04:53 GMT" name="checkLockeduser" finished-at="2023-01-25T11:04:53 GMT" duration-ms="339" status="PASS">
          <reporter-output>
            <line>
              <![CDATA[Trying to login as Locked User]]>
            </line>
          </reporter-output>
        </test-method> <!-- checkLockeduser -->
        <test-method is-config="true" signature="closeSession()[pri:0, instance:swagLab.TestRunner@649bec2e]" started-at="2023-01-25T11:04:53 GMT" name="closeSession" finished-at="2023-01-25T11:04:53 GMT" duration-ms="152" status="PASS">
          <reporter-output>
            <line>
              <![CDATA[Exiting browser]]>
            </line>
          </reporter-output>
        </test-method> <!-- closeSession -->
        <test-method is-config="true" signature="launchApplication()[pri:0, instance:swagLab.TestRunner@649bec2e]" started-at="2023-01-25T11:04:53 GMT" name="launchApplication" finished-at="2023-01-25T11:04:54 GMT" duration-ms="1236" status="PASS">
          <reporter-output>
            <line>
              <![CDATA[Launched the Application URL]]>
            </line>
          </reporter-output>
        </test-method> <!-- launchApplication -->
        <test-method signature="checkPerformanceGlitchUser()[pri:0, instance:swagLab.TestRunner@649bec2e]" started-at="2023-01-25T11:04:54 GMT" name="checkPerformanceGlitchUser" finished-at="2023-01-25T11:05:00 GMT" duration-ms="6072" status="PASS">
          <reporter-output>
            <line>
              <![CDATA[Logged in as Performance Glitch User]]>
            </line>
            <line>
              <![CDATA[Added two items to cart]]>
            </line>
            <line>
              <![CDATA[Clicked on Cart button]]>
            </line>
            <line>
              <![CDATA[Clicked on Checkout button]]>
            </line>
            <line>
              <![CDATA[Entered user information ]]>
            </line>
            <line>
              <![CDATA[Clicked on Continue button on checkout page]]>
            </line>
            <line>
              <![CDATA[Verified Items Total price without tax]]>
            </line>
            <line>
              <![CDATA[Verified total price including tax]]>
            </line>
          </reporter-output>
        </test-method> <!-- checkPerformanceGlitchUser -->
        <test-method is-config="true" signature="closeSession()[pri:0, instance:swagLab.TestRunner@649bec2e]" started-at="2023-01-25T11:05:00 GMT" name="closeSession" finished-at="2023-01-25T11:05:01 GMT" duration-ms="129" status="PASS">
          <reporter-output>
            <line>
              <![CDATA[Exiting browser]]>
            </line>
          </reporter-output>
        </test-method> <!-- closeSession -->
        <test-method is-config="true" signature="launchApplication()[pri:0, instance:swagLab.TestRunner@649bec2e]" started-at="2023-01-25T11:05:01 GMT" name="launchApplication" finished-at="2023-01-25T11:05:02 GMT" duration-ms="1273" status="PASS">
          <reporter-output>
            <line>
              <![CDATA[Launched the Application URL]]>
            </line>
          </reporter-output>
        </test-method> <!-- launchApplication -->
        <test-method signature="checkProblemUser()[pri:0, instance:swagLab.TestRunner@649bec2e]" started-at="2023-01-25T11:05:02 GMT" name="checkProblemUser" finished-at="2023-01-25T11:05:02 GMT" duration-ms="352" status="PASS">
          <reporter-output>
            <line>
              <![CDATA[Logged in as Problem User]]>
            </line>
            <line>
              <![CDATA[Same images are displayes for more than one product]]>
            </line>
          </reporter-output>
        </test-method> <!-- checkProblemUser -->
        <test-method is-config="true" signature="closeSession()[pri:0, instance:swagLab.TestRunner@649bec2e]" started-at="2023-01-25T11:05:02 GMT" name="closeSession" finished-at="2023-01-25T11:05:02 GMT" duration-ms="174" status="PASS">
          <reporter-output>
            <line>
              <![CDATA[Exiting browser]]>
            </line>
          </reporter-output>
        </test-method> <!-- closeSession -->
        <test-method is-config="true" signature="launchApplication()[pri:0, instance:swagLab.TestRunner@649bec2e]" started-at="2023-01-25T11:05:02 GMT" name="launchApplication" finished-at="2023-01-25T11:05:04 GMT" duration-ms="1233" status="PASS">
          <reporter-output>
            <line>
              <![CDATA[Launched the Application URL]]>
            </line>
          </reporter-output>
        </test-method> <!-- launchApplication -->
        <test-method signature="checkoutAnItem()[pri:0, instance:swagLab.TestRunner@649bec2e]" started-at="2023-01-25T11:05:04 GMT" name="checkoutAnItem" finished-at="2023-01-25T11:05:05 GMT" duration-ms="1214" status="PASS">
          <reporter-output>
            <line>
              <![CDATA[Logged in as Standard User]]>
            </line>
            <line>
              <![CDATA[Added two items to cart]]>
            </line>
            <line>
              <![CDATA[Clicked on Cart button]]>
            </line>
            <line>
              <![CDATA[Clicked on Checkout button]]>
            </line>
            <line>
              <![CDATA[Entered user information ]]>
            </line>
            <line>
              <![CDATA[Clicked on Continue button on checkout page]]>
            </line>
            <line>
              <![CDATA[Verified Items Total price without tax]]>
            </line>
            <line>
              <![CDATA[Verified total price including tax]]>
            </line>
          </reporter-output>
        </test-method> <!-- checkoutAnItem -->
        <test-method is-config="true" signature="closeSession()[pri:0, instance:swagLab.TestRunner@649bec2e]" started-at="2023-01-25T11:05:05 GMT" name="closeSession" finished-at="2023-01-25T11:05:05 GMT" duration-ms="147" status="PASS">
          <reporter-output>
            <line>
              <![CDATA[Exiting browser]]>
            </line>
          </reporter-output>
        </test-method> <!-- closeSession -->
      </class> <!-- swagLab.TestRunner -->
    </test> <!-- Default test -->
  </suite> <!-- Default suite -->
</testng-results>
